Using pre-set license
Built from '2020.2/release' branch; Version is '2020.2.2f1 (068178b99f32) revision 426360'; Using compiler version '192528614'; Build Type 'Release'
OS: 'Windows 10 Pro; OS build 19042.804; Version 2009; 64bit' Language: 'fr' Physical Memory: 16312 MB
BatchMode: 1, IsHumanControllingUs: 0, StartBugReporterOnCrash: 0, Is64bit: 1, IsPro: 0

 COMMAND LINE ARGUMENTS:
C:\Program Files\Unity\Hub\Editor\2020.2.2f1\Editor\Unity.exe
-adb2
-batchMode
-noUpm
-name
AssetImportWorker0
-projectPath
C:/Users/phili/Documents/Unity projets/DVIS02Design
-logFile
Logs/AssetImportWorker0.log
-srvPort
64150
Successfully changed project path to: C:/Users/phili/Documents/Unity projets/DVIS02Design
C:/Users/phili/Documents/Unity projets/DVIS02Design
Using Asset Import Pipeline V2.
Refreshing native plugins compatible for Editor in 25.17 ms, found 0 plugins.
Preloading 0 native plugins for Editor in 0.00 ms.
Initialize engine version: 2020.2.2f1 (068178b99f32)
[Subsystems] Discovering subsystems at path C:/Program Files/Unity/Hub/Editor/2020.2.2f1/Editor/Data/Resources/UnitySubsystems
[Subsystems] Discovering subsystems at path C:/Users/phili/Documents/Unity projets/DVIS02Design/Assets
GfxDevice: creating device client; threaded=0
Direct3D:
    Version:  Direct3D 11.0 [level 11.1]
    Renderer: NVIDIA GeForce GTX 1080 (ID=0x1b80)
    Vendor:   
    VRAM:     8079 MB
    Driver:   27.21.14.6140
Initialize mono
Mono path[0] = 'C:/Program Files/Unity/Hub/Editor/2020.2.2f1/Editor/Data/Managed'
Mono path[1] = 'C:/Program Files/Unity/Hub/Editor/2020.2.2f1/Editor/Data/MonoBleedingEdge/lib/mono/unityjit'
Mono config path = 'C:/Program Files/Unity/Hub/Editor/2020.2.2f1/Editor/Data/MonoBleedingEdge/etc'
Using monoOptions --debugger-agent=transport=dt_socket,embedding=1,server=y,suspend=n,address=127.0.0.1:56584
Begin MonoManager ReloadAssembly
Registering precompiled unity dll's ...
Register platform support module: C:/Program Files/Unity/Hub/Editor/2020.2.2f1/Editor/Data/PlaybackEngines/WindowsStandaloneSupport/UnityEditor.WindowsStandalone.Extensions.dll
Registered in 0.001509 seconds.
Native extension for WindowsStandalone target not found
Refreshing native plugins compatible for Editor in 25.76 ms, found 0 plugins.
Preloading 0 native plugins for Editor in 0.00 ms.
Invoked RoslynAnalysisRunner static constructor.
RoslynAnalysisRunner will not be running.
RoslynAnalysisRunner has terminated.
Mono: successfully reloaded assembly
- Completed reload, in  0.834 seconds
Platform modules already initialized, skipping
Registering precompiled user dll's ...
Registered in 0.000614 seconds.
Begin MonoManager ReloadAssembly
Native extension for WindowsStandalone target not found
Refreshing native plugins compatible for Editor in 0.26 ms, found 0 plugins.
Preloading 0 native plugins for Editor in 0.00 ms.
[ScriptCompilation] NOT recompiling all scripts because this is an import worker process. Reason to compile was: Define symbols changed
Invoked RoslynAnalysisRunner static constructor.
RoslynAnalysisRunner will not be running.
RoslynAnalysisRunner has terminated.
Mono: successfully reloaded assembly
- Completed reload, in  0.700 seconds
Platform modules already initialized, skipping
========================================================================
Worker process is ready to serve import requests
Launched and connected shader compiler UnityShaderCompiler.exe after 0.03 seconds
Refreshing native plugins compatible for Editor in 0.54 ms, found 0 plugins.
Preloading 0 native plugins for Editor in 0.00 ms.
Unloading 1656 Unused Serialized files (Serialized files now loaded: 0)
System memory in use before: 87.7 MB.
System memory in use after: 87.4 MB.

Unloading 75 unused Assets to reduce memory usage. Loaded Objects now: 2091.
Total: 7.095300 ms (FindLiveObjects: 0.472400 ms CreateObjectMapping: 0.173300 ms MarkObjects: 5.829100 ms  DeleteObjects: 0.619000 ms)

========================================================================
Received Import Request.
  path: Assets/DJV1313 Projet2/DJV1313_Collectible.unity
  artifactKey: Guid(06c4b5c40aab9f34ba755d8842eb73d4) Importer(815301076,1909f56bfc062723c751e8b465ee728b)
Start importing Assets/DJV1313 Projet2/DJV1313_Collectible.unity using Guid(06c4b5c40aab9f34ba755d8842eb73d4) Importer(815301076,1909f56bfc062723c751e8b465ee728b)  -> (artifact id: 'c6489cf0f3f2f109b825e0a61ba59b05') in 0.019582 seconds
  Import took 0.024788 seconds .

========================================================================
Received Import Request.
  Time since last request: 0.000451 seconds.
  path: Assets/DJV1313 Projet2
  artifactKey: Guid(474b204fce84ec947a420df0e9a88800) Importer(815301076,1909f56bfc062723c751e8b465ee728b)
Start importing Assets/DJV1313 Projet2 using Guid(474b204fce84ec947a420df0e9a88800) Importer(815301076,1909f56bfc062723c751e8b465ee728b)  -> (artifact id: 'f3d84dae59da28ee78edddb6c96637dc') in 0.010249 seconds
  Import took 0.013763 seconds .

========================================================================
Received Import Request.
  Time since last request: 26.441436 seconds.
  path: Assets/DJV1313 Projet2/DJV1313_KeyDoor.unity
  artifactKey: Guid(685ba4d713a843849b0452e5dd5073b5) Importer(815301076,1909f56bfc062723c751e8b465ee728b)
Start importing Assets/DJV1313 Projet2/DJV1313_KeyDoor.unity using Guid(685ba4d713a843849b0452e5dd5073b5) Importer(815301076,1909f56bfc062723c751e8b465ee728b)  -> (artifact id: 'a128a0efbc24b4845615a66df9c9f3f9') in 0.006019 seconds
  Import took 0.008057 seconds .

========================================================================
Received Import Request.
  Time since last request: 26.799038 seconds.
  path: Assets/DJV1313 Projet2/KeyDoor
  artifactKey: Guid(7cfa60aacd943124a8507a9fc31e0e1e) Importer(815301076,1909f56bfc062723c751e8b465ee728b)
Start importing Assets/DJV1313 Projet2/KeyDoor using Guid(7cfa60aacd943124a8507a9fc31e0e1e) Importer(815301076,1909f56bfc062723c751e8b465ee728b)  -> (artifact id: '968788b548a04a5f8382aaed0e7e881a') in 0.005195 seconds
  Import took 0.007039 seconds .

========================================================================
Received Import Request.
  Time since last request: 0.072134 seconds.
  path: Assets/DJV1313 Projet2/KeyDoor/Key.prefab
  artifactKey: Guid(82aad67681155fe4780b4ae666ea66f4) Importer(815301076,1909f56bfc062723c751e8b465ee728b)
Start importing Assets/DJV1313 Projet2/KeyDoor/Key.prefab using Guid(82aad67681155fe4780b4ae666ea66f4) Importer(815301076,1909f56bfc062723c751e8b465ee728b)  -> (artifact id: 'a9d1b85296b826f1a938be6c0aabb3ea') in 0.084215 seconds
  Import took 0.086253 seconds .

========================================================================
Received Import Request.
  Time since last request: 11.494496 seconds.
  path: Assets/DJV1313 Projet2/KeyDoor/Script
  artifactKey: Guid(f67c554082105fa468d15e2f19b75d2d) Importer(815301076,1909f56bfc062723c751e8b465ee728b)
Start importing Assets/DJV1313 Projet2/KeyDoor/Script using Guid(f67c554082105fa468d15e2f19b75d2d) Importer(815301076,1909f56bfc062723c751e8b465ee728b)  -> (artifact id: '521637c143a159b2b52531b62dcfe3d6') in 0.006382 seconds
  Import took 0.009519 seconds .

========================================================================
Received Import Request.
  Time since last request: 0.603818 seconds.
  path: Assets/DJV1313 Projet2/KeyDoor/Script/Key.cs
  artifactKey: Guid(b78b4bafa2df4e94fa135cdc5e2ec343) Importer(815301076,1909f56bfc062723c751e8b465ee728b)
Start importing Assets/DJV1313 Projet2/KeyDoor/Script/Key.cs using Guid(b78b4bafa2df4e94fa135cdc5e2ec343) Importer(815301076,1909f56bfc062723c751e8b465ee728b)  -> (artifact id: '1dfe213faad268138a983be1ff913aa2') in 0.052461 seconds
  Import took 0.054474 seconds .

========================================================================
Received Prepare
Registering precompiled user dll's ...
Registered in 0.000642 seconds.
Begin MonoManager ReloadAssembly
Native extension for WindowsStandalone target not found
Refreshing native plugins compatible for Editor in 0.25 ms, found 0 plugins.
Preloading 0 native plugins for Editor in 0.00 ms.
Warning: Annotation not found!
UnityEngine.StackTraceUtility:ExtractStackTrace ()
UnityEditor.ProBuilder.EditorUtility:SetGizmoIconEnabled (System.Type,bool) (at Library/PackageCache/com.unity.probuilder@4.4.0/Editor/EditorCore/EditorUtility.cs:593)
UnityEditor.ProBuilder.HierarchyListener:.cctor () (at Library/PackageCache/com.unity.probuilder@4.4.0/Editor/EditorCore/HierarchyListener.cs:21)
System.Runtime.CompilerServices.RuntimeHelpers:RunClassConstructor (System.RuntimeTypeHandle)
UnityEditor.EditorAssemblies:ProcessInitializeOnLoadAttributes (System.Type[])

[Library/PackageCache/com.unity.probuilder@4.4.0/Editor/EditorCore/EditorUtility.cs line 593]

[ScriptCompilation] NOT recompiling all scripts because this is an import worker process. Reason to compile was: Define symbols changed
Invoked RoslynAnalysisRunner static constructor.
RoslynAnalysisRunner will not be running.
RoslynAnalysisRunner has terminated.
Mono: successfully reloaded assembly
- Completed reload, in  0.639 seconds
Platform modules already initialized, skipping
Refreshing native plugins compatible for Editor in 0.26 ms, found 0 plugins.
Preloading 0 native plugins for Editor in 0.00 ms.
Unloading 1586 Unused Serialized files (Serialized files now loaded: 0)
System memory in use before: 85.9 MB.
System memory in use after: 85.6 MB.

Unloading 9 unused Assets to reduce memory usage. Loaded Objects now: 2101.
Total: 1.723900 ms (FindLiveObjects: 0.143800 ms CreateObjectMapping: 0.040600 ms MarkObjects: 1.292700 ms  DeleteObjects: 0.245900 ms)

========================================================================
Received Import Request.
  Time since last request: 26.693237 seconds.
  path: Assets/Standard Assets
  artifactKey: Guid(c6195a43a0187a34e9c6be23520d3766) Importer(815301076,1909f56bfc062723c751e8b465ee728b)
Start importing Assets/Standard Assets using Guid(c6195a43a0187a34e9c6be23520d3766) Importer(815301076,1909f56bfc062723c751e8b465ee728b)  -> (artifact id: '699c39d25552c0d1b1956dc171ff4068') in 0.006806 seconds
  Import took 0.008794 seconds .

========================================================================
Received Import Request.
  Time since last request: 3.223950 seconds.
  path: Assets/Standard Assets/Editor
  artifactKey: Guid(8f7308500f322e644817ccfc3e0a17a5) Importer(815301076,1909f56bfc062723c751e8b465ee728b)
Start importing Assets/Standard Assets/Editor using Guid(8f7308500f322e644817ccfc3e0a17a5) Importer(815301076,1909f56bfc062723c751e8b465ee728b)  -> (artifact id: 'fc7e1a2da2bde8d489fd071f47efc962') in 0.005327 seconds
  Import took 0.007277 seconds .

========================================================================
Received Import Request.
  Time since last request: 3.230514 seconds.
  path: Assets/SampleScenes
  artifactKey: Guid(3d8829ac873af27488b1412b8db301ab) Importer(815301076,1909f56bfc062723c751e8b465ee728b)
Start importing Assets/SampleScenes using Guid(3d8829ac873af27488b1412b8db301ab) Importer(815301076,1909f56bfc062723c751e8b465ee728b)  -> (artifact id: '8c58dcfdfa9fec383d58d2ac6abd2a62') in 0.005010 seconds
  Import took 0.007127 seconds .

========================================================================
Received Import Request.
  Time since last request: 1.504322 seconds.
  path: Assets/SampleScenes/Scenes
  artifactKey: Guid(26c0bbb8e6792b546bf28bbe08d7c96d) Importer(815301076,1909f56bfc062723c751e8b465ee728b)
Start importing Assets/SampleScenes/Scenes using Guid(26c0bbb8e6792b546bf28bbe08d7c96d) Importer(815301076,1909f56bfc062723c751e8b465ee728b)  -> (artifact id: '9a6f907aa3d2ddc155b484d36d006861') in 0.005077 seconds
  Import took 0.007189 seconds .

========================================================================
Received Import Request.
  Time since last request: 0.724029 seconds.
  path: Assets/SampleScenes/Scenes/CharacterFirstPerson.unity
  artifactKey: Guid(f2f18f678332b48458bb0e9c5ab081bf) Importer(815301076,1909f56bfc062723c751e8b465ee728b)
Start importing Assets/SampleScenes/Scenes/CharacterFirstPerson.unity using Guid(f2f18f678332b48458bb0e9c5ab081bf) Importer(815301076,1909f56bfc062723c751e8b465ee728b)  -> (artifact id: '1a1c8edde44861521d1f8851810e3e5e') in 0.009933 seconds
  Import took 0.012240 seconds .

========================================================================
Received Import Request.
  Time since last request: 34.675858 seconds.
  path: Assets/Scenes
  artifactKey: Guid(a7abe72e92df17541a32078dbcce31aa) Importer(815301076,1909f56bfc062723c751e8b465ee728b)
Start importing Assets/Scenes using Guid(a7abe72e92df17541a32078dbcce31aa) Importer(815301076,1909f56bfc062723c751e8b465ee728b)  -> (artifact id: 'b7a95afb3484c8b09ca3913479d396e1') in 0.004240 seconds
  Import took 0.006468 seconds .

========================================================================
Received Import Request.
  Time since last request: 0.716775 seconds.
  path: Assets/Scenes/SampleScene.unity
  artifactKey: Guid(9fc0d4010bbf28b4594072e72b8655ab) Importer(815301076,1909f56bfc062723c751e8b465ee728b)
Start importing Assets/Scenes/SampleScene.unity using Guid(9fc0d4010bbf28b4594072e72b8655ab) Importer(815301076,1909f56bfc062723c751e8b465ee728b)  -> (artifact id: '9831e44e2a700a6e1119228b2d38e767') in 0.005324 seconds
  Import took 0.007363 seconds .

========================================================================
Received Prepare
Registering precompiled user dll's ...
Registered in 0.000632 seconds.
Begin MonoManager ReloadAssembly
Native extension for WindowsStandalone target not found
Refreshing native plugins compatible for Editor in 0.32 ms, found 0 plugins.
Preloading 0 native plugins for Editor in 0.00 ms.
Warning: Annotation not found!
UnityEngine.StackTraceUtility:ExtractStackTrace ()
UnityEditor.ProBuilder.EditorUtility:SetGizmoIconEnabled (System.Type,bool) (at Library/PackageCache/com.unity.probuilder@4.4.0/Editor/EditorCore/EditorUtility.cs:593)
UnityEditor.ProBuilder.HierarchyListener:.cctor () (at Library/PackageCache/com.unity.probuilder@4.4.0/Editor/EditorCore/HierarchyListener.cs:21)
System.Runtime.CompilerServices.RuntimeHelpers:RunClassConstructor (System.RuntimeTypeHandle)
UnityEditor.EditorAssemblies:ProcessInitializeOnLoadAttributes (System.Type[])

[Library/PackageCache/com.unity.probuilder@4.4.0/Editor/EditorCore/EditorUtility.cs line 593]

[ScriptCompilation] NOT recompiling all scripts because this is an import worker process. Reason to compile was: Define symbols changed
Invoked RoslynAnalysisRunner static constructor.
RoslynAnalysisRunner will not be running.
RoslynAnalysisRunner has terminated.
Mono: successfully reloaded assembly
- Completed reload, in  0.653 seconds
Platform modules already initialized, skipping
Refreshing native plugins compatible for Editor in 0.28 ms, found 0 plugins.
Preloading 0 native plugins for Editor in 0.00 ms.
Unloading 1586 Unused Serialized files (Serialized files now loaded: 0)
System memory in use before: 87.0 MB.
System memory in use after: 86.7 MB.

Unloading 8 unused Assets to reduce memory usage. Loaded Objects now: 2103.
Total: 1.891500 ms (FindLiveObjects: 0.204400 ms CreateObjectMapping: 0.062100 ms MarkObjects: 1.352100 ms  DeleteObjects: 0.272000 ms)

========================================================================
Received Prepare
Registering precompiled user dll's ...
Registered in 0.000641 seconds.
Begin MonoManager ReloadAssembly
Native extension for WindowsStandalone target not found
Refreshing native plugins compatible for Editor in 0.26 ms, found 0 plugins.
Preloading 0 native plugins for Editor in 0.00 ms.
Warning: Annotation not found!
UnityEngine.StackTraceUtility:ExtractStackTrace ()
UnityEditor.ProBuilder.EditorUtility:SetGizmoIconEnabled (System.Type,bool) (at Library/PackageCache/com.unity.probuilder@4.4.0/Editor/EditorCore/EditorUtility.cs:593)
UnityEditor.ProBuilder.HierarchyListener:.cctor () (at Library/PackageCache/com.unity.probuilder@4.4.0/Editor/EditorCore/HierarchyListener.cs:21)
System.Runtime.CompilerServices.RuntimeHelpers:RunClassConstructor (System.RuntimeTypeHandle)
UnityEditor.EditorAssemblies:ProcessInitializeOnLoadAttributes (System.Type[])

[Library/PackageCache/com.unity.probuilder@4.4.0/Editor/EditorCore/EditorUtility.cs line 593]

[ScriptCompilation] NOT recompiling all scripts because this is an import worker process. Reason to compile was: Define symbols changed
Invoked RoslynAnalysisRunner static constructor.
RoslynAnalysisRunner will not be running.
RoslynAnalysisRunner has terminated.
Mono: successfully reloaded assembly
- Completed reload, in  0.581 seconds
Platform modules already initialized, skipping
Refreshing native plugins compatible for Editor in 0.26 ms, found 0 plugins.
Preloading 0 native plugins for Editor in 0.00 ms.
Unloading 1616 Unused Serialized files (Serialized files now loaded: 0)
System memory in use before: 87.8 MB.
System memory in use after: 87.5 MB.

Unloading 9 unused Assets to reduce memory usage. Loaded Objects now: 2134.
Total: 1.739100 ms (FindLiveObjects: 0.148600 ms CreateObjectMapping: 0.047800 ms MarkObjects: 1.261300 ms  DeleteObjects: 0.280400 ms)

AssetImportWorkerClient::OnTransportError - code=2 error=End of file
